<?xml version="1.0" encoding="UTF-8"?>
<testsuite name="com.kodilla.hibernate.task.dao.TaskDaoTestSuite" tests="1" skipped="0" failures="0" errors="0" timestamp="2020-10-15T19:39:25" hostname="DESKTOP-065ESHO" time="0.336">
  <properties/>
  <testcase name="testTaskDaoFindByDuration" classname="com.kodilla.hibernate.task.dao.TaskDaoTestSuite" time="0.336"/>
  <system-out><![CDATA[21:39:22.101 [Test worker] DEBUG org.springframework.test.context.junit4.SpringJUnit4ClassRunner - SpringJUnit4ClassRunner constructor called with [class com.kodilla.hibernate.task.dao.TaskDaoTestSuite]
21:39:22.111 [Test worker] DEBUG org.springframework.test.context.BootstrapUtils - Instantiating CacheAwareContextLoaderDelegate from class [org.springframework.test.context.cache.DefaultCacheAwareContextLoaderDelegate]
21:39:22.122 [Test worker] DEBUG org.springframework.test.context.BootstrapUtils - Instantiating BootstrapContext using constructor [public org.springframework.test.context.support.DefaultBootstrapContext(java.lang.Class,org.springframework.test.context.CacheAwareContextLoaderDelegate)]
21:39:22.164 [Test worker] DEBUG org.springframework.test.context.BootstrapUtils - Instantiating TestContextBootstrapper for test class [com.kodilla.hibernate.task.dao.TaskDaoTestSuite] from class [org.springframework.boot.test.context.SpringBootTestContextBootstrapper]
21:39:22.184 [Test worker] INFO org.springframework.boot.test.context.SpringBootTestContextBootstrapper - Neither @ContextConfiguration nor @ContextHierarchy found for test class [com.kodilla.hibernate.task.dao.TaskDaoTestSuite], using SpringBootContextLoader
21:39:22.189 [Test worker] DEBUG org.springframework.test.context.support.AbstractContextLoader - Did not detect default resource location for test class [com.kodilla.hibernate.task.dao.TaskDaoTestSuite]: class path resource [com/kodilla/hibernate/task/dao/TaskDaoTestSuite-context.xml] does not exist
21:39:22.190 [Test worker] DEBUG org.springframework.test.context.support.AbstractContextLoader - Did not detect default resource location for test class [com.kodilla.hibernate.task.dao.TaskDaoTestSuite]: class path resource [com/kodilla/hibernate/task/dao/TaskDaoTestSuiteContext.groovy] does not exist
21:39:22.190 [Test worker] INFO org.springframework.test.context.support.AbstractContextLoader - Could not detect default resource locations for test class [com.kodilla.hibernate.task.dao.TaskDaoTestSuite]: no resource found for suffixes {-context.xml, Context.groovy}.
21:39:22.191 [Test worker] INFO org.springframework.test.context.support.AnnotationConfigContextLoaderUtils - Could not detect default configuration classes for test class [com.kodilla.hibernate.task.dao.TaskDaoTestSuite]: TaskDaoTestSuite does not declare any static, non-private, non-final, nested classes annotated with @Configuration.
21:39:22.246 [Test worker] DEBUG org.springframework.test.context.support.ActiveProfilesUtils - Could not find an 'annotation declaring class' for annotation type [org.springframework.test.context.ActiveProfiles] and class [com.kodilla.hibernate.task.dao.TaskDaoTestSuite]
21:39:22.350 [Test worker] DEBUG org.springframework.context.annotation.ClassPathScanningCandidateComponentProvider - Identified candidate component class: file [C:\Users\ArdianM\IdeaProjects\17\build\classes\java\main\com\kodilla\hibernate\KodillaHibernateApplication.class]
21:39:22.352 [Test worker] INFO org.springframework.boot.test.context.SpringBootTestContextBootstrapper - Found @SpringBootConfiguration com.kodilla.hibernate.KodillaHibernateApplication for test class com.kodilla.hibernate.task.dao.TaskDaoTestSuite
21:39:22.471 [Test worker] DEBUG org.springframework.boot.test.context.SpringBootTestContextBootstrapper - @TestExecutionListeners is not present for class [com.kodilla.hibernate.task.dao.TaskDaoTestSuite]: using defaults.
21:39:22.472 [Test worker] INFO org.springframework.boot.test.context.SpringBootTestContextBootstrapper - Loaded default TestExecutionListener class names from location [META-INF/spring.factories]: [org.springframework.boot.test.autoconfigure.restdocs.RestDocsTestExecutionListener, org.springframework.boot.test.autoconfigure.web.client.MockRestServiceServerResetTestExecutionListener, org.springframework.boot.test.autoconfigure.web.servlet.MockMvcPrintOnlyOnFailureTestExecutionListener, org.springframework.boot.test.autoconfigure.web.servlet.WebDriverTestExecutionListener, org.springframework.boot.test.autoconfigure.webservices.client.MockWebServiceServerTestExecutionListener, org.springframework.boot.test.mock.mockito.MockitoTestExecutionListener, org.springframework.boot.test.mock.mockito.ResetMocksTestExecutionListener, org.springframework.test.context.web.ServletTestExecutionListener, org.springframework.test.context.support.DirtiesContextBeforeModesTestExecutionListener, org.springframework.test.context.support.DependencyInjectionTestExecutionListener, org.springframework.test.context.support.DirtiesContextTestExecutionListener, org.springframework.test.context.transaction.TransactionalTestExecutionListener, org.springframework.test.context.jdbc.SqlScriptsTestExecutionListener, org.springframework.test.context.event.EventPublishingTestExecutionListener]
21:39:22.483 [Test worker] DEBUG org.springframework.boot.test.context.SpringBootTestContextBootstrapper - Skipping candidate TestExecutionListener [org.springframework.test.context.web.ServletTestExecutionListener] due to a missing dependency. Specify custom listener classes or make the default listener classes and their required dependencies available. Offending class: [javax/servlet/ServletContext]
21:39:22.499 [Test worker] INFO org.springframework.boot.test.context.SpringBootTestContextBootstrapper - Using TestExecutionListeners: [org.springframework.test.context.support.DirtiesContextBeforeModesTestExecutionListener@4dd040e2, org.springframework.boot.test.mock.mockito.MockitoTestExecutionListener@676f235, org.springframework.boot.test.autoconfigure.SpringBootDependencyInjectionTestExecutionListener@204d7d68, org.springframework.test.context.support.DirtiesContextTestExecutionListener@28312b0, org.springframework.test.context.transaction.TransactionalTestExecutionListener@4d1b9552, org.springframework.test.context.jdbc.SqlScriptsTestExecutionListener@7ccd219e, org.springframework.test.context.event.EventPublishingTestExecutionListener@3720b552, org.springframework.boot.test.autoconfigure.restdocs.RestDocsTestExecutionListener@2d2c3794, org.springframework.boot.test.autoconfigure.web.client.MockRestServiceServerResetTestExecutionListener@3c0c8666, org.springframework.boot.test.autoconfigure.web.servlet.MockMvcPrintOnlyOnFailureTestExecutionListener@29d881a8, org.springframework.boot.test.autoconfigure.web.servlet.WebDriverTestExecutionListener@1b603be4, org.springframework.boot.test.autoconfigure.webservices.client.MockWebServiceServerTestExecutionListener@57bc2f8b, org.springframework.boot.test.mock.mockito.ResetMocksTestExecutionListener@f5bbcac]
21:39:22.502 [Test worker] DEBUG org.springframework.test.annotation.ProfileValueUtils - Retrieved @ProfileValueSourceConfiguration [null] for test class [com.kodilla.hibernate.task.dao.TaskDaoTestSuite]
21:39:22.504 [Test worker] DEBUG org.springframework.test.annotation.ProfileValueUtils - Retrieved ProfileValueSource type [class org.springframework.test.annotation.SystemProfileValueSource] for class [com.kodilla.hibernate.task.dao.TaskDaoTestSuite]
21:39:22.505 [Test worker] DEBUG org.springframework.test.annotation.ProfileValueUtils - Retrieved @ProfileValueSourceConfiguration [null] for test class [com.kodilla.hibernate.task.dao.TaskDaoTestSuite]
21:39:22.505 [Test worker] DEBUG org.springframework.test.annotation.ProfileValueUtils - Retrieved ProfileValueSource type [class org.springframework.test.annotation.SystemProfileValueSource] for class [com.kodilla.hibernate.task.dao.TaskDaoTestSuite]
21:39:22.507 [Test worker] DEBUG org.springframework.test.annotation.ProfileValueUtils - Retrieved @ProfileValueSourceConfiguration [null] for test class [com.kodilla.hibernate.task.dao.TaskDaoTestSuite]
21:39:22.507 [Test worker] DEBUG org.springframework.test.annotation.ProfileValueUtils - Retrieved ProfileValueSource type [class org.springframework.test.annotation.SystemProfileValueSource] for class [com.kodilla.hibernate.task.dao.TaskDaoTestSuite]
21:39:22.511 [Test worker] DEBUG org.springframework.test.annotation.ProfileValueUtils - Retrieved @ProfileValueSourceConfiguration [null] for test class [com.kodilla.hibernate.task.dao.TaskDaoTestSuite]
21:39:22.511 [Test worker] DEBUG org.springframework.test.annotation.ProfileValueUtils - Retrieved ProfileValueSource type [class org.springframework.test.annotation.SystemProfileValueSource] for class [com.kodilla.hibernate.task.dao.TaskDaoTestSuite]
21:39:22.511 [Test worker] DEBUG org.springframework.test.annotation.ProfileValueUtils - Retrieved @ProfileValueSourceConfiguration [null] for test class [com.kodilla.hibernate.task.dao.TaskDaoTestSuite]
21:39:22.512 [Test worker] DEBUG org.springframework.test.annotation.ProfileValueUtils - Retrieved ProfileValueSource type [class org.springframework.test.annotation.SystemProfileValueSource] for class [com.kodilla.hibernate.task.dao.TaskDaoTestSuite]
21:39:22.519 [Test worker] DEBUG org.springframework.test.context.support.AbstractDirtiesContextTestExecutionListener - Before test class: context [DefaultTestContext@3c2c98a8 testClass = TaskDaoTestSuite, testInstance = [null], testMethod = [null], testException = [null], mergedContextConfiguration = [MergedContextConfiguration@2af2e5d testClass = TaskDaoTestSuite, locations = '{}', classes = '{class com.kodilla.hibernate.KodillaHibernateApplication}', contextInitializerClasses = '[]', activeProfiles = '{}', propertySourceLocations = '{}', propertySourceProperties = '{org.springframework.boot.test.context.SpringBootTestContextBootstrapper=true}', contextCustomizers = set[org.springframework.boot.test.autoconfigure.properties.PropertyMappingContextCustomizer@0, org.springframework.boot.test.autoconfigure.web.servlet.WebDriverContextCustomizerFactory$Customizer@c0a564c, org.springframework.boot.test.context.filter.ExcludeFilterContextCustomizer@66576c2f, org.springframework.boot.test.json.DuplicateJsonObjectContextCustomizerFactory$DuplicateJsonObjectContextCustomizer@52ce1263, org.springframework.boot.test.mock.mockito.MockitoContextCustomizer@0, org.springframework.boot.test.web.client.TestRestTemplateContextCustomizer@4e77d0b6, org.springframework.boot.test.context.SpringBootTestArgs@1], contextLoader = 'org.springframework.boot.test.context.SpringBootContextLoader', parent = [null]], attributes = map[[empty]]], class annotated with @DirtiesContext [false] with mode [null].
21:39:22.521 [Test worker] DEBUG org.springframework.test.annotation.ProfileValueUtils - Retrieved @ProfileValueSourceConfiguration [null] for test class [com.kodilla.hibernate.task.dao.TaskDaoTestSuite]
21:39:22.521 [Test worker] DEBUG org.springframework.test.annotation.ProfileValueUtils - Retrieved ProfileValueSource type [class org.springframework.test.annotation.SystemProfileValueSource] for class [com.kodilla.hibernate.task.dao.TaskDaoTestSuite]
21:39:22.525 [Test worker] DEBUG org.springframework.test.context.support.DependencyInjectionTestExecutionListener - Performing dependency injection for test context [[DefaultTestContext@3c2c98a8 testClass = TaskDaoTestSuite, testInstance = com.kodilla.hibernate.task.dao.TaskDaoTestSuite@340cc614, testMethod = [null], testException = [null], mergedContextConfiguration = [MergedContextConfiguration@2af2e5d testClass = TaskDaoTestSuite, locations = '{}', classes = '{class com.kodilla.hibernate.KodillaHibernateApplication}', contextInitializerClasses = '[]', activeProfiles = '{}', propertySourceLocations = '{}', propertySourceProperties = '{org.springframework.boot.test.context.SpringBootTestContextBootstrapper=true}', contextCustomizers = set[org.springframework.boot.test.autoconfigure.properties.PropertyMappingContextCustomizer@0, org.springframework.boot.test.autoconfigure.web.servlet.WebDriverContextCustomizerFactory$Customizer@c0a564c, org.springframework.boot.test.context.filter.ExcludeFilterContextCustomizer@66576c2f, org.springframework.boot.test.json.DuplicateJsonObjectContextCustomizerFactory$DuplicateJsonObjectContextCustomizer@52ce1263, org.springframework.boot.test.mock.mockito.MockitoContextCustomizer@0, org.springframework.boot.test.web.client.TestRestTemplateContextCustomizer@4e77d0b6, org.springframework.boot.test.context.SpringBootTestArgs@1], contextLoader = 'org.springframework.boot.test.context.SpringBootContextLoader', parent = [null]], attributes = map[[empty]]]].
21:39:22.546 [Test worker] DEBUG org.springframework.test.context.support.TestPropertySourceUtils - Adding inlined properties to environment: {spring.jmx.enabled=false, org.springframework.boot.test.context.SpringBootTestContextBootstrapper=true}

  .   ____          _            __ _ _
 /\\ / ___'_ __ _ _(_)_ __  __ _ \ \ \ \
( ( )\___ | '_ | '_| | '_ \/ _` | \ \ \ \
 \\/  ___)| |_)| | | | | || (_| |  ) ) ) )
  '  |____| .__|_| |_|_| |_\__, | / / / /
 =========|_|==============|___/=/_/_/_/
 :: Spring Boot ::        (v2.3.4.RELEASE)

2020-10-15 21:39:22.817  INFO 4156 --- [    Test worker] c.k.hibernate.task.dao.TaskDaoTestSuite  : Starting TaskDaoTestSuite on DESKTOP-065ESHO with PID 4156 (started by ArdianM in C:\Users\ArdianM\IdeaProjects\17)
2020-10-15 21:39:22.819  INFO 4156 --- [    Test worker] c.k.hibernate.task.dao.TaskDaoTestSuite  : No active profile set, falling back to default profiles: default
2020-10-15 21:39:23.324  INFO 4156 --- [    Test worker] .s.d.r.c.RepositoryConfigurationDelegate : Bootstrapping Spring Data JPA repositories in DEFERRED mode.
2020-10-15 21:39:23.418  INFO 4156 --- [    Test worker] .s.d.r.c.RepositoryConfigurationDelegate : Finished Spring Data repository scanning in 80ms. Found 2 JPA repository interfaces.
2020-10-15 21:39:23.946  INFO 4156 --- [    Test worker] o.s.s.concurrent.ThreadPoolTaskExecutor  : Initializing ExecutorService 'applicationTaskExecutor'
2020-10-15 21:39:24.007  INFO 4156 --- [         task-1] o.hibernate.jpa.internal.util.LogHelper  : HHH000204: Processing PersistenceUnitInfo [name: default]
2020-10-15 21:39:24.079  INFO 4156 --- [         task-1] org.hibernate.Version                    : HHH000412: Hibernate ORM core version 5.4.21.Final
2020-10-15 21:39:24.196  INFO 4156 --- [    Test worker] DeferredRepositoryInitializationListener : Triggering deferred initialization of Spring Data repositories…
2020-10-15 21:39:24.315  INFO 4156 --- [         task-1] o.hibernate.annotations.common.Version   : HCANN000001: Hibernate Commons Annotations {5.1.0.Final}
2020-10-15 21:39:24.440  INFO 4156 --- [         task-1] com.zaxxer.hikari.HikariDataSource       : HikariPool-1 - Starting...
2020-10-15 21:39:24.678  INFO 4156 --- [         task-1] com.zaxxer.hikari.HikariDataSource       : HikariPool-1 - Start completed.
2020-10-15 21:39:24.698  INFO 4156 --- [         task-1] org.hibernate.dialect.Dialect            : HHH000400: Using dialect: org.hibernate.dialect.MySQL5Dialect
2020-10-15 21:39:25.464  INFO 4156 --- [         task-1] o.h.e.t.j.p.i.JtaPlatformInitiator       : HHH000490: Using JtaPlatform implementation: [org.hibernate.engine.transaction.jta.platform.internal.NoJtaPlatform]
2020-10-15 21:39:25.473  INFO 4156 --- [         task-1] j.LocalContainerEntityManagerFactoryBean : Initialized JPA EntityManagerFactory for persistence unit 'default'
2020-10-15 21:39:25.834  INFO 4156 --- [    Test worker] DeferredRepositoryInitializationListener : Spring Data repositories initialized!
2020-10-15 21:39:25.842  INFO 4156 --- [    Test worker] c.k.hibernate.task.dao.TaskDaoTestSuite  : Started TaskDaoTestSuite in 3.293 seconds (JVM running for 4.525)
Hibernate: select next_val as id_val from hibernate_sequence for update
Hibernate: update hibernate_sequence set next_val= ? where next_val=?
Hibernate: insert into tasks (created, description, duration, id) values (?, ?, ?, ?)
Hibernate: select task0_.id as id1_1_, task0_.created as created2_1_, task0_.description as descript3_1_, task0_.duration as duration4_1_ from tasks task0_ where task0_.duration=?
Hibernate: select task0_.id as id1_1_0_, task0_.created as created2_1_0_, task0_.description as descript3_1_0_, task0_.duration as duration4_1_0_ from tasks task0_ where task0_.id=?
Hibernate: delete from tasks where id=?
]]></system-out>
  <system-err><![CDATA[]]></system-err>
</testsuite>
